<?xml version="1.0" encoding="UTF-8"?>
<coverage generated="1751040867402" clover="3.2.0">
  <project timestamp="1751040867402" name="All files">
    <metrics statements="63" coveredstatements="59" conditionals="62" coveredconditionals="59" methods="6" coveredmethods="5" elements="131" coveredelements="123" complexity="0" loc="63" ncloc="63" packages="1" files="2" classes="2"/>
    <file name="collision.js" path="/Users/danchadwick/Projects/dan/gamework/src/collision.js">
      <metrics statements="7" coveredstatements="3" conditionals="2" coveredconditionals="0" methods="2" coveredmethods="1"/>
      <line num="11" count="5" type="stmt"/>
      <line num="12" count="5" type="stmt"/>
      <line num="13" count="5" type="stmt"/>
      <line num="21" count="0" type="stmt"/>
      <line num="23" count="0" type="cond" truecount="0" falsecount="2"/>
      <line num="24" count="0" type="stmt"/>
      <line num="27" count="0" type="stmt"/>
    </file>
    <file name="collisions.js" path="/Users/danchadwick/Projects/dan/gamework/src/collisions.js">
      <metrics statements="56" coveredstatements="56" conditionals="60" coveredconditionals="59" methods="4" coveredmethods="4"/>
      <line num="10" count="6" type="stmt"/>
      <line num="11" count="6" type="cond" truecount="2" falsecount="0"/>
      <line num="12" count="6" type="stmt"/>
      <line num="13" count="6" type="stmt"/>
      <line num="14" count="6" type="stmt"/>
      <line num="20" count="6" type="cond" truecount="2" falsecount="0"/>
      <line num="21" count="3" type="stmt"/>
      <line num="22" count="12" type="stmt"/>
      <line num="23" count="12" type="stmt"/>
      <line num="24" count="12" type="stmt"/>
      <line num="38" count="4" type="stmt"/>
      <line num="39" count="4" type="stmt"/>
      <line num="40" count="6" type="stmt"/>
      <line num="41" count="6" type="stmt"/>
      <line num="42" count="19" type="stmt"/>
      <line num="43" count="19" type="stmt"/>
      <line num="45" count="19" type="stmt"/>
      <line num="47" count="19" type="stmt"/>
      <line num="48" count="19" type="stmt"/>
      <line num="49" count="76" type="stmt"/>
      <line num="50" count="76" type="cond" truecount="4" falsecount="0"/>
      <line num="51" count="76" type="cond" truecount="4" falsecount="0"/>
      <line num="53" count="19" type="stmt"/>
      <line num="54" count="19" type="stmt"/>
      <line num="55" count="76" type="stmt"/>
      <line num="56" count="76" type="cond" truecount="4" falsecount="0"/>
      <line num="57" count="76" type="cond" truecount="4" falsecount="0"/>
      <line num="60" count="19" type="cond" truecount="4" falsecount="0"/>
      <line num="63" count="2" type="stmt"/>
      <line num="73" count="8" type="cond" truecount="2" falsecount="0"/>
      <line num="74" count="1" type="stmt"/>
      <line num="77" count="7" type="cond" truecount="5" falsecount="1"/>
      <line num="78" count="2" type="stmt"/>
      <line num="79" count="2" type="stmt"/>
      <line num="80" count="2" type="cond" truecount="2" falsecount="0"/>
      <line num="81" count="1" type="stmt"/>
      <line num="83" count="1" type="stmt"/>
      <line num="86" count="5" type="stmt"/>
      <line num="87" count="5" type="stmt"/>
      <line num="88" count="5" type="stmt"/>
      <line num="89" count="5" type="stmt"/>
      <line num="91" count="5" type="stmt"/>
      <line num="92" count="5" type="stmt"/>
      <line num="93" count="5" type="stmt"/>
      <line num="94" count="5" type="stmt"/>
      <line num="96" count="5" type="stmt"/>
      <line num="97" count="5" type="cond" truecount="6" falsecount="0"/>
      <line num="98" count="4" type="cond" truecount="5" falsecount="0"/>
      <line num="99" count="1" type="stmt"/>
      <line num="101" count="4" type="cond" truecount="5" falsecount="0"/>
      <line num="102" count="1" type="stmt"/>
      <line num="104" count="4" type="cond" truecount="5" falsecount="0"/>
      <line num="105" count="1" type="stmt"/>
      <line num="107" count="4" type="cond" truecount="5" falsecount="0"/>
      <line num="108" count="1" type="stmt"/>
      <line num="111" count="5" type="stmt"/>
    </file>
  </project>
</coverage>
