{"/Users/danchadwick/Projects/dan/gamework/src/collision.js": {"path":"/Users/danchadwick/Projects/dan/gamework/src/collision.js","statementMap":{"0":{"start":{"line":11,"column":8},"end":{"line":11,"column":25}},"1":{"start":{"line":12,"column":8},"end":{"line":12,"column":31}},"2":{"start":{"line":13,"column":8},"end":{"line":13,"column":31}},"3":{"start":{"line":21,"column":23},"end":{"line":21,"column":78}},"4":{"start":{"line":23,"column":8},"end":{"line":25,"column":9}},"5":{"start":{"line":24,"column":12},"end":{"line":24,"column":25}},"6":{"start":{"line":27,"column":8},"end":{"line":27,"column":24}}},"fnMap":{"0":{"name":"(anonymous_0)","decl":{"start":{"line":10,"column":4},"end":{"line":10,"column":5}},"loc":{"start":{"line":10,"column":40},"end":{"line":14,"column":5}},"line":10},"1":{"name":"(anonymous_1)","decl":{"start":{"line":20,"column":4},"end":{"line":20,"column":5}},"loc":{"start":{"line":20,"column":18},"end":{"line":28,"column":5}},"line":20}},"branchMap":{"0":{"loc":{"start":{"line":23,"column":8},"end":{"line":25,"column":9}},"type":"if","locations":[{"start":{"line":23,"column":8},"end":{"line":25,"column":9}},{"start":{},"end":{}}],"line":23}},"s":{"0":9,"1":9,"2":9,"3":0,"4":0,"5":0,"6":0},"f":{"0":9,"1":0},"b":{"0":[0,0]},"_coverageSchema":"1a1c01bbd47fc00a2c39e90264f33305004495a9","hash":"541e628c16ce26b56a135f2985840945eb39c1fe"}
,"/Users/danchadwick/Projects/dan/gamework/src/gameObject.js": {"path":"/Users/danchadwick/Projects/dan/gamework/src/gameObject.js","statementMap":{"0":{"start":{"line":7,"column":23},"end":{"line":27,"column":1}},"1":{"start":{"line":40,"column":8},"end":{"line":40,"column":67}},"2":{"start":{"line":41,"column":8},"end":{"line":41,"column":25}},"3":{"start":{"line":42,"column":8},"end":{"line":42,"column":27}},"4":{"start":{"line":43,"column":8},"end":{"line":43,"column":35}},"5":{"start":{"line":44,"column":8},"end":{"line":44,"column":36}},"6":{"start":{"line":45,"column":8},"end":{"line":45,"column":47}},"7":{"start":{"line":48,"column":8},"end":{"line":48,"column":42}},"8":{"start":{"line":49,"column":8},"end":{"line":49,"column":46}},"9":{"start":{"line":50,"column":8},"end":{"line":50,"column":37}},"10":{"start":{"line":51,"column":8},"end":{"line":51,"column":31}},"11":{"start":{"line":52,"column":8},"end":{"line":52,"column":27}},"12":{"start":{"line":53,"column":8},"end":{"line":53,"column":30}},"13":{"start":{"line":54,"column":8},"end":{"line":54,"column":27}},"14":{"start":{"line":55,"column":8},"end":{"line":55,"column":39}},"15":{"start":{"line":56,"column":8},"end":{"line":56,"column":29}},"16":{"start":{"line":57,"column":8},"end":{"line":57,"column":30}},"17":{"start":{"line":58,"column":8},"end":{"line":58,"column":52}},"18":{"start":{"line":59,"column":8},"end":{"line":59,"column":31}},"19":{"start":{"line":60,"column":8},"end":{"line":60,"column":35}},"20":{"start":{"line":61,"column":8},"end":{"line":61,"column":42}},"21":{"start":{"line":62,"column":8},"end":{"line":62,"column":37}},"22":{"start":{"line":63,"column":8},"end":{"line":63,"column":41}},"23":{"start":{"line":64,"column":8},"end":{"line":64,"column":56}},"24":{"start":{"line":65,"column":8},"end":{"line":65,"column":32}},"25":{"start":{"line":66,"column":8},"end":{"line":66,"column":33}},"26":{"start":{"line":70,"column":30},"end":{"line":70,"column":63}},"27":{"start":{"line":71,"column":8},"end":{"line":77,"column":11}},"28":{"start":{"line":72,"column":12},"end":{"line":74,"column":13}},"29":{"start":{"line":73,"column":16},"end":{"line":73,"column":23}},"30":{"start":{"line":76,"column":12},"end":{"line":76,"column":53}},"31":{"start":{"line":79,"column":8},"end":{"line":81,"column":9}},"32":{"start":{"line":80,"column":12},"end":{"line":80,"column":39}},"33":{"start":{"line":83,"column":8},"end":{"line":83,"column":27}},"34":{"start":{"line":84,"column":8},"end":{"line":84,"column":26}},"35":{"start":{"line":86,"column":8},"end":{"line":86,"column":36}},"36":{"start":{"line":87,"column":8},"end":{"line":87,"column":34}},"37":{"start":{"line":88,"column":8},"end":{"line":88,"column":25}},"38":{"start":{"line":89,"column":8},"end":{"line":89,"column":24}},"39":{"start":{"line":94,"column":8},"end":{"line":94,"column":27}},"40":{"start":{"line":103,"column":8},"end":{"line":105,"column":9}},"41":{"start":{"line":104,"column":12},"end":{"line":104,"column":36}},"42":{"start":{"line":106,"column":8},"end":{"line":106,"column":20}},"43":{"start":{"line":115,"column":8},"end":{"line":115,"column":36}},"44":{"start":{"line":117,"column":8},"end":{"line":117,"column":20}},"45":{"start":{"line":126,"column":8},"end":{"line":126,"column":27}},"46":{"start":{"line":127,"column":8},"end":{"line":127,"column":20}},"47":{"start":{"line":136,"column":8},"end":{"line":136,"column":27}},"48":{"start":{"line":137,"column":8},"end":{"line":137,"column":20}},"49":{"start":{"line":146,"column":8},"end":{"line":146,"column":64}},"50":{"start":{"line":148,"column":8},"end":{"line":148,"column":20}},"51":{"start":{"line":157,"column":8},"end":{"line":157,"column":49}},"52":{"start":{"line":159,"column":8},"end":{"line":159,"column":20}},"53":{"start":{"line":168,"column":8},"end":{"line":168,"column":33}},"54":{"start":{"line":170,"column":8},"end":{"line":170,"column":20}},"55":{"start":{"line":179,"column":8},"end":{"line":179,"column":33}},"56":{"start":{"line":181,"column":8},"end":{"line":181,"column":20}},"57":{"start":{"line":190,"column":8},"end":{"line":190,"column":41}},"58":{"start":{"line":192,"column":8},"end":{"line":192,"column":20}},"59":{"start":{"line":201,"column":8},"end":{"line":201,"column":33}},"60":{"start":{"line":203,"column":8},"end":{"line":203,"column":20}},"61":{"start":{"line":211,"column":8},"end":{"line":213,"column":9}},"62":{"start":{"line":212,"column":12},"end":{"line":212,"column":21}},"63":{"start":{"line":215,"column":8},"end":{"line":215,"column":29}},"64":{"start":{"line":223,"column":8},"end":{"line":223,"column":48}},"65":{"start":{"line":224,"column":8},"end":{"line":224,"column":47}},"66":{"start":{"line":226,"column":8},"end":{"line":228,"column":9}},"67":{"start":{"line":227,"column":12},"end":{"line":227,"column":40}},"68":{"start":{"line":229,"column":8},"end":{"line":231,"column":9}},"69":{"start":{"line":230,"column":12},"end":{"line":230,"column":40}},"70":{"start":{"line":233,"column":29},"end":{"line":233,"column":99}},"71":{"start":{"line":235,"column":8},"end":{"line":239,"column":9}},"72":{"start":{"line":236,"column":34},"end":{"line":236,"column":62}},"73":{"start":{"line":237,"column":12},"end":{"line":237,"column":45}},"74":{"start":{"line":238,"column":12},"end":{"line":238,"column":45}},"75":{"start":{"line":244,"column":8},"end":{"line":244,"column":28}},"76":{"start":{"line":253,"column":8},"end":{"line":253,"column":38}},"77":{"start":{"line":254,"column":8},"end":{"line":254,"column":38}},"78":{"start":{"line":255,"column":8},"end":{"line":255,"column":34}},"79":{"start":{"line":256,"column":8},"end":{"line":256,"column":34}},"80":{"start":{"line":258,"column":8},"end":{"line":258,"column":20}},"81":{"start":{"line":265,"column":8},"end":{"line":265,"column":41}},"82":{"start":{"line":266,"column":21},"end":{"line":266,"column":46}},"83":{"start":{"line":267,"column":8},"end":{"line":269,"column":9}},"84":{"start":{"line":268,"column":12},"end":{"line":268,"column":56}},"85":{"start":{"line":271,"column":8},"end":{"line":273,"column":9}},"86":{"start":{"line":272,"column":12},"end":{"line":272,"column":55}},"87":{"start":{"line":275,"column":8},"end":{"line":277,"column":9}},"88":{"start":{"line":276,"column":12},"end":{"line":276,"column":55}},"89":{"start":{"line":279,"column":8},"end":{"line":281,"column":9}},"90":{"start":{"line":280,"column":12},"end":{"line":280,"column":56}},"91":{"start":{"line":289,"column":8},"end":{"line":289,"column":50}},"92":{"start":{"line":293,"column":8},"end":{"line":295,"column":9}},"93":{"start":{"line":294,"column":12},"end":{"line":294,"column":19}},"94":{"start":{"line":297,"column":20},"end":{"line":297,"column":38}},"95":{"start":{"line":298,"column":8},"end":{"line":301,"column":9}},"96":{"start":{"line":299,"column":12},"end":{"line":299,"column":22}},"97":{"start":{"line":300,"column":12},"end":{"line":300,"column":34}},"98":{"start":{"line":302,"column":8},"end":{"line":309,"column":9}},"99":{"start":{"line":305,"column":12},"end":{"line":305,"column":49}},"100":{"start":{"line":307,"column":12},"end":{"line":307,"column":34}},"101":{"start":{"line":311,"column":8},"end":{"line":314,"column":9}},"102":{"start":{"line":312,"column":12},"end":{"line":312,"column":22}},"103":{"start":{"line":313,"column":12},"end":{"line":313,"column":34}},"104":{"start":{"line":316,"column":8},"end":{"line":320,"column":9}},"105":{"start":{"line":318,"column":12},"end":{"line":318,"column":50}},"106":{"start":{"line":319,"column":12},"end":{"line":319,"column":34}},"107":{"start":{"line":321,"column":8},"end":{"line":321,"column":30}},"108":{"start":{"line":325,"column":8},"end":{"line":327,"column":9}},"109":{"start":{"line":326,"column":12},"end":{"line":326,"column":19}},"110":{"start":{"line":330,"column":8},"end":{"line":330,"column":45}},"111":{"start":{"line":331,"column":8},"end":{"line":331,"column":30}},"112":{"start":{"line":333,"column":8},"end":{"line":335,"column":9}},"113":{"start":{"line":334,"column":12},"end":{"line":334,"column":45}},"114":{"start":{"line":337,"column":8},"end":{"line":337,"column":44}},"115":{"start":{"line":338,"column":8},"end":{"line":338,"column":44}},"116":{"start":{"line":339,"column":8},"end":{"line":339,"column":40}},"117":{"start":{"line":340,"column":8},"end":{"line":340,"column":40}},"118":{"start":{"line":342,"column":8},"end":{"line":344,"column":9}},"119":{"start":{"line":343,"column":12},"end":{"line":343,"column":47}},"120":{"start":{"line":346,"column":8},"end":{"line":346,"column":41}},"121":{"start":{"line":350,"column":8},"end":{"line":352,"column":9}},"122":{"start":{"line":351,"column":12},"end":{"line":351,"column":46}},"123":{"start":{"line":356,"column":8},"end":{"line":356,"column":42}},"124":{"start":{"line":358,"column":8},"end":{"line":360,"column":9}},"125":{"start":{"line":362,"column":8},"end":{"line":364,"column":9}},"126":{"start":{"line":366,"column":8},"end":{"line":368,"column":9}},"127":{"start":{"line":370,"column":8},"end":{"line":372,"column":9}},"128":{"start":{"line":396,"column":8},"end":{"line":396,"column":41}},"129":{"start":{"line":400,"column":22},"end":{"line":402,"column":10}},"130":{"start":{"line":401,"column":12},"end":{"line":401,"column":39}},"131":{"start":{"line":404,"column":8},"end":{"line":406,"column":9}},"132":{"start":{"line":405,"column":12},"end":{"line":405,"column":24}},"133":{"start":{"line":408,"column":8},"end":{"line":408,"column":21}},"134":{"start":{"line":412,"column":22},"end":{"line":412,"column":42}},"135":{"start":{"line":414,"column":8},"end":{"line":416,"column":9}},"136":{"start":{"line":415,"column":12},"end":{"line":415,"column":19}},"137":{"start":{"line":418,"column":8},"end":{"line":418,"column":21}},"138":{"start":{"line":422,"column":22},"end":{"line":422,"column":42}},"139":{"start":{"line":423,"column":8},"end":{"line":428,"column":9}},"140":{"start":{"line":424,"column":12},"end":{"line":426,"column":14}},"141":{"start":{"line":425,"column":16},"end":{"line":425,"column":29}},"142":{"start":{"line":427,"column":12},"end":{"line":427,"column":19}},"143":{"start":{"line":430,"column":8},"end":{"line":430,"column":21}},"144":{"start":{"line":434,"column":8},"end":{"line":436,"column":9}},"145":{"start":{"line":435,"column":12},"end":{"line":435,"column":19}},"146":{"start":{"line":437,"column":8},"end":{"line":437,"column":28}},"147":{"start":{"line":438,"column":8},"end":{"line":438,"column":49}},"148":{"start":{"line":439,"column":8},"end":{"line":439,"column":136}},"149":{"start":{"line":440,"column":8},"end":{"line":444,"column":9}},"150":{"start":{"line":441,"column":12},"end":{"line":441,"column":48}},"151":{"start":{"line":442,"column":12},"end":{"line":442,"column":138}},"152":{"start":{"line":445,"column":8},"end":{"line":445,"column":25}},"153":{"start":{"line":449,"column":8},"end":{"line":465,"column":9}},"154":{"start":{"line":450,"column":12},"end":{"line":450,"column":64}},"155":{"start":{"line":451,"column":34},"end":{"line":451,"column":53}},"156":{"start":{"line":453,"column":12},"end":{"line":459,"column":15}},"157":{"start":{"line":454,"column":16},"end":{"line":454,"column":44}},"158":{"start":{"line":455,"column":16},"end":{"line":455,"column":36}},"159":{"start":{"line":456,"column":16},"end":{"line":456,"column":54}},"160":{"start":{"line":457,"column":16},"end":{"line":457,"column":49}},"161":{"start":{"line":458,"column":16},"end":{"line":458,"column":33}},"162":{"start":{"line":461,"column":12},"end":{"line":463,"column":13}},"163":{"start":{"line":462,"column":16},"end":{"line":462,"column":35}},"164":{"start":{"line":464,"column":12},"end":{"line":464,"column":48}},"165":{"start":{"line":470,"column":20},"end":{"line":470,"column":53}},"166":{"start":{"line":472,"column":27},"end":{"line":472,"column":72}},"167":{"start":{"line":473,"column":27},"end":{"line":473,"column":73}},"168":{"start":{"line":475,"column":8},"end":{"line":475,"column":50}},"169":{"start":{"line":478,"column":8},"end":{"line":478,"column":28}},"170":{"start":{"line":479,"column":8},"end":{"line":479,"column":52}},"171":{"start":{"line":483,"column":8},"end":{"line":483,"column":38}},"172":{"start":{"line":485,"column":8},"end":{"line":485,"column":20}},"173":{"start":{"line":489,"column":8},"end":{"line":489,"column":72}},"174":{"start":{"line":493,"column":8},"end":{"line":495,"column":9}},"175":{"start":{"line":494,"column":12},"end":{"line":494,"column":19}},"176":{"start":{"line":497,"column":8},"end":{"line":501,"column":9}},"177":{"start":{"line":499,"column":12},"end":{"line":499,"column":26}},"178":{"start":{"line":500,"column":12},"end":{"line":500,"column":38}},"179":{"start":{"line":503,"column":8},"end":{"line":503,"column":33}},"180":{"start":{"line":504,"column":8},"end":{"line":506,"column":9}},"181":{"start":{"line":505,"column":12},"end":{"line":505,"column":37}},"182":{"start":{"line":507,"column":8},"end":{"line":509,"column":9}},"183":{"start":{"line":508,"column":12},"end":{"line":508,"column":38}},"184":{"start":{"line":511,"column":8},"end":{"line":514,"column":9}},"185":{"start":{"line":513,"column":12},"end":{"line":513,"column":30}},"186":{"start":{"line":515,"column":8},"end":{"line":515,"column":36}},"187":{"start":{"line":519,"column":8},"end":{"line":519,"column":121}},"188":{"start":{"line":523,"column":8},"end":{"line":525,"column":11}},"189":{"start":{"line":524,"column":12},"end":{"line":524,"column":52}},"190":{"start":{"line":529,"column":8},"end":{"line":531,"column":9}},"191":{"start":{"line":530,"column":12},"end":{"line":530,"column":19}},"192":{"start":{"line":535,"column":26},"end":{"line":535,"column":42}},"193":{"start":{"line":536,"column":27},"end":{"line":536,"column":66}},"194":{"start":{"line":537,"column":25},"end":{"line":537,"column":41}},"195":{"start":{"line":538,"column":28},"end":{"line":538,"column":68}},"196":{"start":{"line":540,"column":26},"end":{"line":540,"column":44}},"197":{"start":{"line":541,"column":27},"end":{"line":541,"column":70}},"198":{"start":{"line":542,"column":25},"end":{"line":542,"column":43}},"199":{"start":{"line":543,"column":28},"end":{"line":543,"column":72}},"200":{"start":{"line":546,"column":8},"end":{"line":561,"column":9}},"201":{"start":{"line":548,"column":12},"end":{"line":550,"column":13}},"202":{"start":{"line":549,"column":16},"end":{"line":549,"column":82}},"203":{"start":{"line":551,"column":12},"end":{"line":554,"column":13}},"204":{"start":{"line":552,"column":16},"end":{"line":552,"column":81}},"205":{"start":{"line":555,"column":12},"end":{"line":557,"column":13}},"206":{"start":{"line":556,"column":16},"end":{"line":556,"column":80}},"207":{"start":{"line":558,"column":12},"end":{"line":560,"column":13}},"208":{"start":{"line":559,"column":16},"end":{"line":559,"column":83}},"209":{"start":{"line":565,"column":8},"end":{"line":567,"column":16}},"210":{"start":{"line":566,"column":12},"end":{"line":566,"column":79}},"211":{"start":{"line":571,"column":23},"end":{"line":571,"column":24}},"212":{"start":{"line":572,"column":8},"end":{"line":578,"column":22}},"213":{"start":{"line":573,"column":12},"end":{"line":575,"column":13}},"214":{"start":{"line":574,"column":13},"end":{"line":574,"column":58}},"215":{"start":{"line":577,"column":12},"end":{"line":577,"column":31}},"216":{"start":{"line":582,"column":8},"end":{"line":584,"column":9}},"217":{"start":{"line":583,"column":12},"end":{"line":583,"column":19}},"218":{"start":{"line":586,"column":29},"end":{"line":586,"column":37}},"219":{"start":{"line":587,"column":8},"end":{"line":587,"column":34}},"220":{"start":{"line":588,"column":17},"end":{"line":588,"column":32}},"221":{"start":{"line":589,"column":17},"end":{"line":589,"column":32}},"222":{"start":{"line":591,"column":8},"end":{"line":593,"column":9}},"223":{"start":{"line":592,"column":12},"end":{"line":592,"column":72}},"224":{"start":{"line":594,"column":8},"end":{"line":596,"column":9}},"225":{"start":{"line":595,"column":12},"end":{"line":595,"column":72}},"226":{"start":{"line":597,"column":8},"end":{"line":599,"column":9}},"227":{"start":{"line":598,"column":12},"end":{"line":598,"column":72}},"228":{"start":{"line":600,"column":8},"end":{"line":602,"column":9}},"229":{"start":{"line":601,"column":12},"end":{"line":601,"column":72}},"230":{"start":{"line":603,"column":8},"end":{"line":603,"column":44}},"231":{"start":{"line":604,"column":8},"end":{"line":604,"column":48}},"232":{"start":{"line":608,"column":8},"end":{"line":610,"column":9}},"233":{"start":{"line":609,"column":12},"end":{"line":609,"column":38}},"234":{"start":{"line":612,"column":8},"end":{"line":614,"column":9}},"235":{"start":{"line":613,"column":12},"end":{"line":613,"column":38}},"236":{"start":{"line":618,"column":8},"end":{"line":621,"column":9}},"237":{"start":{"line":619,"column":12},"end":{"line":619,"column":40}},"238":{"start":{"line":620,"column":12},"end":{"line":620,"column":19}},"239":{"start":{"line":622,"column":25},"end":{"line":622,"column":70}},"240":{"start":{"line":624,"column":8},"end":{"line":629,"column":9}},"241":{"start":{"line":625,"column":12},"end":{"line":625,"column":46}},"242":{"start":{"line":626,"column":12},"end":{"line":626,"column":38}},"243":{"start":{"line":628,"column":12},"end":{"line":628,"column":61}},"244":{"start":{"line":631,"column":8},"end":{"line":636,"column":9}},"245":{"start":{"line":632,"column":12},"end":{"line":632,"column":46}},"246":{"start":{"line":633,"column":12},"end":{"line":633,"column":38}},"247":{"start":{"line":635,"column":12},"end":{"line":635,"column":60}},"248":{"start":{"line":638,"column":8},"end":{"line":643,"column":9}},"249":{"start":{"line":639,"column":12},"end":{"line":639,"column":83}},"250":{"start":{"line":640,"column":12},"end":{"line":640,"column":38}},"251":{"start":{"line":642,"column":12},"end":{"line":642,"column":59}},"252":{"start":{"line":645,"column":8},"end":{"line":650,"column":9}},"253":{"start":{"line":646,"column":12},"end":{"line":646,"column":83}},"254":{"start":{"line":647,"column":12},"end":{"line":647,"column":38}},"255":{"start":{"line":649,"column":12},"end":{"line":649,"column":62}},"256":{"start":{"line":652,"column":8},"end":{"line":652,"column":36}},"257":{"start":{"line":653,"column":8},"end":{"line":653,"column":49}},"258":{"start":{"line":654,"column":8},"end":{"line":654,"column":36}}},"fnMap":{"0":{"name":"(anonymous_0)","decl":{"start":{"line":21,"column":22},"end":{"line":21,"column":23}},"loc":{"start":{"line":21,"column":28},"end":{"line":21,"column":30}},"line":21},"1":{"name":"(anonymous_1)","decl":{"start":{"line":22,"column":17},"end":{"line":22,"column":18}},"loc":{"start":{"line":22,"column":23},"end":{"line":22,"column":25}},"line":22},"2":{"name":"(anonymous_2)","decl":{"start":{"line":39,"column":4},"end":{"line":39,"column":5}},"loc":{"start":{"line":39,"column":54},"end":{"line":90,"column":5}},"line":39},"3":{"name":"(anonymous_3)","decl":{"start":{"line":61,"column":33},"end":{"line":61,"column":34}},"loc":{"start":{"line":61,"column":39},"end":{"line":61,"column":41}},"line":61},"4":{"name":"(anonymous_4)","decl":{"start":{"line":62,"column":28},"end":{"line":62,"column":29}},"loc":{"start":{"line":62,"column":34},"end":{"line":62,"column":36}},"line":62},"5":{"name":"(anonymous_5)","decl":{"start":{"line":71,"column":43},"end":{"line":71,"column":44}},"loc":{"start":{"line":71,"column":57},"end":{"line":77,"column":9}},"line":71},"6":{"name":"(anonymous_6)","decl":{"start":{"line":93,"column":4},"end":{"line":93,"column":5}},"loc":{"start":{"line":93,"column":12},"end":{"line":95,"column":5}},"line":93},"7":{"name":"(anonymous_7)","decl":{"start":{"line":102,"column":4},"end":{"line":102,"column":5}},"loc":{"start":{"line":102,"column":20},"end":{"line":107,"column":5}},"line":102},"8":{"name":"(anonymous_8)","decl":{"start":{"line":114,"column":4},"end":{"line":114,"column":5}},"loc":{"start":{"line":114,"column":30},"end":{"line":118,"column":5}},"line":114},"9":{"name":"(anonymous_9)","decl":{"start":{"line":125,"column":4},"end":{"line":125,"column":5}},"loc":{"start":{"line":125,"column":20},"end":{"line":128,"column":5}},"line":125},"10":{"name":"(anonymous_10)","decl":{"start":{"line":135,"column":4},"end":{"line":135,"column":5}},"loc":{"start":{"line":135,"column":20},"end":{"line":138,"column":5}},"line":135},"11":{"name":"(anonymous_11)","decl":{"start":{"line":145,"column":4},"end":{"line":145,"column":5}},"loc":{"start":{"line":145,"column":57},"end":{"line":149,"column":5}},"line":145},"12":{"name":"(anonymous_12)","decl":{"start":{"line":156,"column":4},"end":{"line":156,"column":5}},"loc":{"start":{"line":156,"column":42},"end":{"line":160,"column":5}},"line":156},"13":{"name":"(anonymous_13)","decl":{"start":{"line":167,"column":4},"end":{"line":167,"column":5}},"loc":{"start":{"line":167,"column":26},"end":{"line":171,"column":5}},"line":167},"14":{"name":"(anonymous_14)","decl":{"start":{"line":178,"column":4},"end":{"line":178,"column":5}},"loc":{"start":{"line":178,"column":26},"end":{"line":182,"column":5}},"line":178},"15":{"name":"(anonymous_15)","decl":{"start":{"line":189,"column":4},"end":{"line":189,"column":5}},"loc":{"start":{"line":189,"column":34},"end":{"line":193,"column":5}},"line":189},"16":{"name":"(anonymous_16)","decl":{"start":{"line":200,"column":4},"end":{"line":200,"column":5}},"loc":{"start":{"line":200,"column":26},"end":{"line":204,"column":5}},"line":200},"17":{"name":"(anonymous_17)","decl":{"start":{"line":210,"column":4},"end":{"line":210,"column":5}},"loc":{"start":{"line":210,"column":18},"end":{"line":216,"column":5}},"line":210},"18":{"name":"(anonymous_18)","decl":{"start":{"line":222,"column":4},"end":{"line":222,"column":5}},"loc":{"start":{"line":222,"column":50},"end":{"line":240,"column":5}},"line":222},"19":{"name":"(anonymous_19)","decl":{"start":{"line":243,"column":4},"end":{"line":243,"column":5}},"loc":{"start":{"line":243,"column":13},"end":{"line":245,"column":5}},"line":243},"20":{"name":"(anonymous_20)","decl":{"start":{"line":252,"column":4},"end":{"line":252,"column":5}},"loc":{"start":{"line":252,"column":26},"end":{"line":259,"column":5}},"line":252},"21":{"name":"(anonymous_21)","decl":{"start":{"line":264,"column":4},"end":{"line":264,"column":5}},"loc":{"start":{"line":264,"column":31},"end":{"line":282,"column":5}},"line":264},"22":{"name":"(anonymous_22)","decl":{"start":{"line":288,"column":4},"end":{"line":288,"column":5}},"loc":{"start":{"line":288,"column":18},"end":{"line":290,"column":5}},"line":288},"23":{"name":"(anonymous_23)","decl":{"start":{"line":292,"column":4},"end":{"line":292,"column":5}},"loc":{"start":{"line":292,"column":36},"end":{"line":322,"column":5}},"line":292},"24":{"name":"(anonymous_24)","decl":{"start":{"line":324,"column":4},"end":{"line":324,"column":5}},"loc":{"start":{"line":324,"column":24},"end":{"line":347,"column":5}},"line":324},"25":{"name":"(anonymous_25)","decl":{"start":{"line":349,"column":4},"end":{"line":349,"column":5}},"loc":{"start":{"line":349,"column":29},"end":{"line":353,"column":5}},"line":349},"26":{"name":"(anonymous_26)","decl":{"start":{"line":355,"column":4},"end":{"line":355,"column":5}},"loc":{"start":{"line":355,"column":33},"end":{"line":373,"column":5}},"line":355},"27":{"name":"(anonymous_27)","decl":{"start":{"line":375,"column":4},"end":{"line":375,"column":5}},"loc":{"start":{"line":375,"column":32},"end":{"line":377,"column":5}},"line":375},"28":{"name":"(anonymous_28)","decl":{"start":{"line":379,"column":4},"end":{"line":379,"column":5}},"loc":{"start":{"line":379,"column":25},"end":{"line":381,"column":5}},"line":379},"29":{"name":"(anonymous_29)","decl":{"start":{"line":383,"column":4},"end":{"line":383,"column":5}},"loc":{"start":{"line":383,"column":30},"end":{"line":385,"column":5}},"line":383},"30":{"name":"(anonymous_30)","decl":{"start":{"line":387,"column":4},"end":{"line":387,"column":5}},"loc":{"start":{"line":387,"column":36},"end":{"line":389,"column":5}},"line":387},"31":{"name":"(anonymous_31)","decl":{"start":{"line":391,"column":4},"end":{"line":391,"column":5}},"loc":{"start":{"line":391,"column":31},"end":{"line":393,"column":5}},"line":391},"32":{"name":"(anonymous_32)","decl":{"start":{"line":395,"column":4},"end":{"line":395,"column":5}},"loc":{"start":{"line":395,"column":11},"end":{"line":397,"column":5}},"line":395},"33":{"name":"(anonymous_33)","decl":{"start":{"line":399,"column":4},"end":{"line":399,"column":5}},"loc":{"start":{"line":399,"column":20},"end":{"line":409,"column":5}},"line":399},"34":{"name":"(anonymous_34)","decl":{"start":{"line":400,"column":39},"end":{"line":400,"column":40}},"loc":{"start":{"line":400,"column":50},"end":{"line":402,"column":9}},"line":400},"35":{"name":"(anonymous_35)","decl":{"start":{"line":411,"column":4},"end":{"line":411,"column":5}},"loc":{"start":{"line":411,"column":20},"end":{"line":419,"column":5}},"line":411},"36":{"name":"(anonymous_36)","decl":{"start":{"line":421,"column":4},"end":{"line":421,"column":5}},"loc":{"start":{"line":421,"column":27},"end":{"line":431,"column":5}},"line":421},"37":{"name":"(anonymous_37)","decl":{"start":{"line":424,"column":32},"end":{"line":424,"column":33}},"loc":{"start":{"line":424,"column":43},"end":{"line":426,"column":13}},"line":424},"38":{"name":"(anonymous_38)","decl":{"start":{"line":433,"column":4},"end":{"line":433,"column":5}},"loc":{"start":{"line":433,"column":24},"end":{"line":446,"column":5}},"line":433},"39":{"name":"(anonymous_39)","decl":{"start":{"line":448,"column":4},"end":{"line":448,"column":5}},"loc":{"start":{"line":448,"column":27},"end":{"line":466,"column":5}},"line":448},"40":{"name":"(anonymous_40)","decl":{"start":{"line":453,"column":31},"end":{"line":453,"column":32}},"loc":{"start":{"line":453,"column":42},"end":{"line":459,"column":13}},"line":453},"41":{"name":"(anonymous_41)","decl":{"start":{"line":468,"column":4},"end":{"line":468,"column":5}},"loc":{"start":{"line":468,"column":25},"end":{"line":480,"column":5}},"line":468},"42":{"name":"(anonymous_42)","decl":{"start":{"line":482,"column":4},"end":{"line":482,"column":5}},"loc":{"start":{"line":482,"column":31},"end":{"line":486,"column":5}},"line":482},"43":{"name":"(anonymous_43)","decl":{"start":{"line":488,"column":4},"end":{"line":488,"column":5}},"loc":{"start":{"line":488,"column":28},"end":{"line":490,"column":5}},"line":488},"44":{"name":"(anonymous_44)","decl":{"start":{"line":492,"column":4},"end":{"line":492,"column":5}},"loc":{"start":{"line":492,"column":18},"end":{"line":516,"column":5}},"line":492},"45":{"name":"(anonymous_45)","decl":{"start":{"line":518,"column":4},"end":{"line":518,"column":5}},"loc":{"start":{"line":518,"column":20},"end":{"line":520,"column":5}},"line":518},"46":{"name":"(anonymous_46)","decl":{"start":{"line":522,"column":4},"end":{"line":522,"column":5}},"loc":{"start":{"line":522,"column":38},"end":{"line":526,"column":5}},"line":522},"47":{"name":"(anonymous_47)","decl":{"start":{"line":523,"column":43},"end":{"line":523,"column":44}},"loc":{"start":{"line":523,"column":58},"end":{"line":525,"column":9}},"line":523},"48":{"name":"(anonymous_48)","decl":{"start":{"line":528,"column":4},"end":{"line":528,"column":5}},"loc":{"start":{"line":528,"column":29},"end":{"line":562,"column":5}},"line":528},"49":{"name":"(anonymous_49)","decl":{"start":{"line":564,"column":4},"end":{"line":564,"column":5}},"loc":{"start":{"line":564,"column":35},"end":{"line":568,"column":5}},"line":564},"50":{"name":"(anonymous_50)","decl":{"start":{"line":565,"column":48},"end":{"line":565,"column":49}},"loc":{"start":{"line":565,"column":63},"end":{"line":567,"column":9}},"line":565},"51":{"name":"(anonymous_51)","decl":{"start":{"line":570,"column":4},"end":{"line":570,"column":5}},"loc":{"start":{"line":570,"column":38},"end":{"line":579,"column":5}},"line":570},"52":{"name":"(anonymous_52)","decl":{"start":{"line":572,"column":57},"end":{"line":572,"column":58}},"loc":{"start":{"line":572,"column":85},"end":{"line":578,"column":9}},"line":572},"53":{"name":"(anonymous_53)","decl":{"start":{"line":581,"column":4},"end":{"line":581,"column":5}},"loc":{"start":{"line":581,"column":55},"end":{"line":605,"column":5}},"line":581},"54":{"name":"(anonymous_54)","decl":{"start":{"line":607,"column":4},"end":{"line":607,"column":5}},"loc":{"start":{"line":607,"column":39},"end":{"line":615,"column":5}},"line":607},"55":{"name":"(anonymous_55)","decl":{"start":{"line":617,"column":4},"end":{"line":617,"column":5}},"loc":{"start":{"line":617,"column":23},"end":{"line":655,"column":5}},"line":617}},"branchMap":{"0":{"loc":{"start":{"line":39,"column":40},"end":{"line":39,"column":52}},"type":"default-arg","locations":[{"start":{"line":39,"column":50},"end":{"line":39,"column":52}}],"line":39},"1":{"loc":{"start":{"line":72,"column":12},"end":{"line":74,"column":13}},"type":"if","locations":[{"start":{"line":72,"column":12},"end":{"line":74,"column":13}},{"start":{},"end":{}}],"line":72},"2":{"loc":{"start":{"line":79,"column":8},"end":{"line":81,"column":9}},"type":"if","locations":[{"start":{"line":79,"column":8},"end":{"line":81,"column":9}},{"start":{},"end":{}}],"line":79},"3":{"loc":{"start":{"line":103,"column":8},"end":{"line":105,"column":9}},"type":"if","locations":[{"start":{"line":103,"column":8},"end":{"line":105,"column":9}},{"start":{},"end":{}}],"line":103},"4":{"loc":{"start":{"line":211,"column":8},"end":{"line":213,"column":9}},"type":"if","locations":[{"start":{"line":211,"column":8},"end":{"line":213,"column":9}},{"start":{},"end":{}}],"line":211},"5":{"loc":{"start":{"line":222,"column":19},"end":{"line":222,"column":48}},"type":"default-arg","locations":[{"start":{"line":222,"column":30},"end":{"line":222,"column":48}}],"line":222},"6":{"loc":{"start":{"line":226,"column":8},"end":{"line":228,"column":9}},"type":"if","locations":[{"start":{"line":226,"column":8},"end":{"line":228,"column":9}},{"start":{},"end":{}}],"line":226},"7":{"loc":{"start":{"line":229,"column":8},"end":{"line":231,"column":9}},"type":"if","locations":[{"start":{"line":229,"column":8},"end":{"line":231,"column":9}},{"start":{},"end":{}}],"line":229},"8":{"loc":{"start":{"line":235,"column":8},"end":{"line":239,"column":9}},"type":"if","locations":[{"start":{"line":235,"column":8},"end":{"line":239,"column":9}},{"start":{},"end":{}}],"line":235},"9":{"loc":{"start":{"line":267,"column":8},"end":{"line":269,"column":9}},"type":"if","locations":[{"start":{"line":267,"column":8},"end":{"line":269,"column":9}},{"start":{},"end":{}}],"line":267},"10":{"loc":{"start":{"line":267,"column":11},"end":{"line":267,"column":57}},"type":"binary-expr","locations":[{"start":{"line":267,"column":11},"end":{"line":267,"column":35}},{"start":{"line":267,"column":39},"end":{"line":267,"column":57}}],"line":267},"11":{"loc":{"start":{"line":271,"column":8},"end":{"line":273,"column":9}},"type":"if","locations":[{"start":{"line":271,"column":8},"end":{"line":273,"column":9}},{"start":{},"end":{}}],"line":271},"12":{"loc":{"start":{"line":271,"column":11},"end":{"line":271,"column":60}},"type":"binary-expr","locations":[{"start":{"line":271,"column":11},"end":{"line":271,"column":38}},{"start":{"line":271,"column":42},"end":{"line":271,"column":60}}],"line":271},"13":{"loc":{"start":{"line":275,"column":8},"end":{"line":277,"column":9}},"type":"if","locations":[{"start":{"line":275,"column":8},"end":{"line":277,"column":9}},{"start":{},"end":{}}],"line":275},"14":{"loc":{"start":{"line":275,"column":11},"end":{"line":275,"column":59}},"type":"binary-expr","locations":[{"start":{"line":275,"column":11},"end":{"line":275,"column":37}},{"start":{"line":275,"column":41},"end":{"line":275,"column":59}}],"line":275},"15":{"loc":{"start":{"line":279,"column":8},"end":{"line":281,"column":9}},"type":"if","locations":[{"start":{"line":279,"column":8},"end":{"line":281,"column":9}},{"start":{},"end":{}}],"line":279},"16":{"loc":{"start":{"line":279,"column":11},"end":{"line":279,"column":59}},"type":"binary-expr","locations":[{"start":{"line":279,"column":11},"end":{"line":279,"column":37}},{"start":{"line":279,"column":41},"end":{"line":279,"column":59}}],"line":279},"17":{"loc":{"start":{"line":293,"column":8},"end":{"line":295,"column":9}},"type":"if","locations":[{"start":{"line":293,"column":8},"end":{"line":295,"column":9}},{"start":{},"end":{}}],"line":293},"18":{"loc":{"start":{"line":298,"column":8},"end":{"line":301,"column":9}},"type":"if","locations":[{"start":{"line":298,"column":8},"end":{"line":301,"column":9}},{"start":{},"end":{}}],"line":298},"19":{"loc":{"start":{"line":302,"column":8},"end":{"line":309,"column":9}},"type":"if","locations":[{"start":{"line":302,"column":8},"end":{"line":309,"column":9}},{"start":{},"end":{}}],"line":302},"20":{"loc":{"start":{"line":311,"column":8},"end":{"line":314,"column":9}},"type":"if","locations":[{"start":{"line":311,"column":8},"end":{"line":314,"column":9}},{"start":{},"end":{}}],"line":311},"21":{"loc":{"start":{"line":316,"column":8},"end":{"line":320,"column":9}},"type":"if","locations":[{"start":{"line":316,"column":8},"end":{"line":320,"column":9}},{"start":{},"end":{}}],"line":316},"22":{"loc":{"start":{"line":325,"column":8},"end":{"line":327,"column":9}},"type":"if","locations":[{"start":{"line":325,"column":8},"end":{"line":327,"column":9}},{"start":{},"end":{}}],"line":325},"23":{"loc":{"start":{"line":333,"column":8},"end":{"line":335,"column":9}},"type":"if","locations":[{"start":{"line":333,"column":8},"end":{"line":335,"column":9}},{"start":{},"end":{}}],"line":333},"24":{"loc":{"start":{"line":342,"column":8},"end":{"line":344,"column":9}},"type":"if","locations":[{"start":{"line":342,"column":8},"end":{"line":344,"column":9}},{"start":{},"end":{}}],"line":342},"25":{"loc":{"start":{"line":350,"column":8},"end":{"line":352,"column":9}},"type":"if","locations":[{"start":{"line":350,"column":8},"end":{"line":352,"column":9}},{"start":{},"end":{}}],"line":350},"26":{"loc":{"start":{"line":358,"column":8},"end":{"line":360,"column":9}},"type":"if","locations":[{"start":{"line":358,"column":8},"end":{"line":360,"column":9}},{"start":{},"end":{}}],"line":358},"27":{"loc":{"start":{"line":362,"column":8},"end":{"line":364,"column":9}},"type":"if","locations":[{"start":{"line":362,"column":8},"end":{"line":364,"column":9}},{"start":{},"end":{}}],"line":362},"28":{"loc":{"start":{"line":366,"column":8},"end":{"line":368,"column":9}},"type":"if","locations":[{"start":{"line":366,"column":8},"end":{"line":368,"column":9}},{"start":{},"end":{}}],"line":366},"29":{"loc":{"start":{"line":370,"column":8},"end":{"line":372,"column":9}},"type":"if","locations":[{"start":{"line":370,"column":8},"end":{"line":372,"column":9}},{"start":{},"end":{}}],"line":370},"30":{"loc":{"start":{"line":404,"column":8},"end":{"line":406,"column":9}},"type":"if","locations":[{"start":{"line":404,"column":8},"end":{"line":406,"column":9}},{"start":{},"end":{}}],"line":404},"31":{"loc":{"start":{"line":404,"column":11},"end":{"line":404,"column":40}},"type":"binary-expr","locations":[{"start":{"line":404,"column":11},"end":{"line":404,"column":30}},{"start":{"line":404,"column":34},"end":{"line":404,"column":40}}],"line":404},"32":{"loc":{"start":{"line":414,"column":8},"end":{"line":416,"column":9}},"type":"if","locations":[{"start":{"line":414,"column":8},"end":{"line":416,"column":9}},{"start":{},"end":{}}],"line":414},"33":{"loc":{"start":{"line":421,"column":14},"end":{"line":421,"column":25}},"type":"default-arg","locations":[{"start":{"line":421,"column":21},"end":{"line":421,"column":25}}],"line":421},"34":{"loc":{"start":{"line":423,"column":8},"end":{"line":428,"column":9}},"type":"if","locations":[{"start":{"line":423,"column":8},"end":{"line":428,"column":9}},{"start":{},"end":{}}],"line":423},"35":{"loc":{"start":{"line":434,"column":8},"end":{"line":436,"column":9}},"type":"if","locations":[{"start":{"line":434,"column":8},"end":{"line":436,"column":9}},{"start":{},"end":{}}],"line":434},"36":{"loc":{"start":{"line":440,"column":8},"end":{"line":444,"column":9}},"type":"if","locations":[{"start":{"line":440,"column":8},"end":{"line":444,"column":9}},{"start":{},"end":{}}],"line":440},"37":{"loc":{"start":{"line":449,"column":8},"end":{"line":465,"column":9}},"type":"if","locations":[{"start":{"line":449,"column":8},"end":{"line":465,"column":9}},{"start":{},"end":{}}],"line":449},"38":{"loc":{"start":{"line":461,"column":12},"end":{"line":463,"column":13}},"type":"if","locations":[{"start":{"line":461,"column":12},"end":{"line":463,"column":13}},{"start":{},"end":{}}],"line":461},"39":{"loc":{"start":{"line":493,"column":8},"end":{"line":495,"column":9}},"type":"if","locations":[{"start":{"line":493,"column":8},"end":{"line":495,"column":9}},{"start":{},"end":{}}],"line":493},"40":{"loc":{"start":{"line":497,"column":8},"end":{"line":501,"column":9}},"type":"if","locations":[{"start":{"line":497,"column":8},"end":{"line":501,"column":9}},{"start":{},"end":{}}],"line":497},"41":{"loc":{"start":{"line":504,"column":8},"end":{"line":506,"column":9}},"type":"if","locations":[{"start":{"line":504,"column":8},"end":{"line":506,"column":9}},{"start":{},"end":{}}],"line":504},"42":{"loc":{"start":{"line":507,"column":8},"end":{"line":509,"column":9}},"type":"if","locations":[{"start":{"line":507,"column":8},"end":{"line":509,"column":9}},{"start":{},"end":{}}],"line":507},"43":{"loc":{"start":{"line":511,"column":8},"end":{"line":514,"column":9}},"type":"if","locations":[{"start":{"line":511,"column":8},"end":{"line":514,"column":9}},{"start":{},"end":{}}],"line":511},"44":{"loc":{"start":{"line":519,"column":16},"end":{"line":519,"column":119}},"type":"binary-expr","locations":[{"start":{"line":519,"column":16},"end":{"line":519,"column":37}},{"start":{"line":519,"column":41},"end":{"line":519,"column":62}},{"start":{"line":519,"column":67},"end":{"line":519,"column":90}},{"start":{"line":519,"column":94},"end":{"line":519,"column":118}}],"line":519},"45":{"loc":{"start":{"line":529,"column":8},"end":{"line":531,"column":9}},"type":"if","locations":[{"start":{"line":529,"column":8},"end":{"line":531,"column":9}},{"start":{},"end":{}}],"line":529},"46":{"loc":{"start":{"line":546,"column":8},"end":{"line":561,"column":9}},"type":"if","locations":[{"start":{"line":546,"column":8},"end":{"line":561,"column":9}},{"start":{},"end":{}}],"line":546},"47":{"loc":{"start":{"line":546,"column":12},"end":{"line":546,"column":116}},"type":"binary-expr","locations":[{"start":{"line":546,"column":12},"end":{"line":546,"column":35}},{"start":{"line":546,"column":39},"end":{"line":546,"column":62}},{"start":{"line":546,"column":66},"end":{"line":546,"column":89}},{"start":{"line":546,"column":93},"end":{"line":546,"column":116}}],"line":546},"48":{"loc":{"start":{"line":548,"column":12},"end":{"line":550,"column":13}},"type":"if","locations":[{"start":{"line":548,"column":12},"end":{"line":550,"column":13}},{"start":{},"end":{}}],"line":548},"49":{"loc":{"start":{"line":548,"column":16},"end":{"line":548,"column":87}},"type":"binary-expr","locations":[{"start":{"line":548,"column":16},"end":{"line":548,"column":39}},{"start":{"line":548,"column":43},"end":{"line":548,"column":64}},{"start":{"line":548,"column":68},"end":{"line":548,"column":87}}],"line":548},"50":{"loc":{"start":{"line":551,"column":12},"end":{"line":554,"column":13}},"type":"if","locations":[{"start":{"line":551,"column":12},"end":{"line":554,"column":13}},{"start":{},"end":{}}],"line":551},"51":{"loc":{"start":{"line":551,"column":16},"end":{"line":551,"column":89}},"type":"binary-expr","locations":[{"start":{"line":551,"column":16},"end":{"line":551,"column":39}},{"start":{"line":551,"column":43},"end":{"line":551,"column":66}},{"start":{"line":551,"column":70},"end":{"line":551,"column":89}}],"line":551},"52":{"loc":{"start":{"line":555,"column":12},"end":{"line":557,"column":13}},"type":"if","locations":[{"start":{"line":555,"column":12},"end":{"line":557,"column":13}},{"start":{},"end":{}}],"line":555},"53":{"loc":{"start":{"line":555,"column":16},"end":{"line":555,"column":91}},"type":"binary-expr","locations":[{"start":{"line":555,"column":16},"end":{"line":555,"column":39}},{"start":{"line":555,"column":43},"end":{"line":555,"column":68}},{"start":{"line":555,"column":72},"end":{"line":555,"column":91}}],"line":555},"54":{"loc":{"start":{"line":558,"column":12},"end":{"line":560,"column":13}},"type":"if","locations":[{"start":{"line":558,"column":12},"end":{"line":560,"column":13}},{"start":{},"end":{}}],"line":558},"55":{"loc":{"start":{"line":558,"column":16},"end":{"line":558,"column":85}},"type":"binary-expr","locations":[{"start":{"line":558,"column":16},"end":{"line":558,"column":39}},{"start":{"line":558,"column":43},"end":{"line":558,"column":62}},{"start":{"line":558,"column":66},"end":{"line":558,"column":85}}],"line":558},"56":{"loc":{"start":{"line":566,"column":19},"end":{"line":566,"column":78}},"type":"binary-expr","locations":[{"start":{"line":566,"column":19},"end":{"line":566,"column":42}},{"start":{"line":566,"column":46},"end":{"line":566,"column":78}}],"line":566},"57":{"loc":{"start":{"line":570,"column":26},"end":{"line":570,"column":36}},"type":"default-arg","locations":[{"start":{"line":570,"column":34},"end":{"line":570,"column":36}}],"line":570},"58":{"loc":{"start":{"line":573,"column":12},"end":{"line":575,"column":13}},"type":"if","locations":[{"start":{"line":573,"column":12},"end":{"line":575,"column":13}},{"start":{},"end":{}}],"line":573},"59":{"loc":{"start":{"line":582,"column":8},"end":{"line":584,"column":9}},"type":"if","locations":[{"start":{"line":582,"column":8},"end":{"line":584,"column":9}},{"start":{},"end":{}}],"line":582},"60":{"loc":{"start":{"line":591,"column":8},"end":{"line":593,"column":9}},"type":"if","locations":[{"start":{"line":591,"column":8},"end":{"line":593,"column":9}},{"start":{},"end":{}}],"line":591},"61":{"loc":{"start":{"line":594,"column":8},"end":{"line":596,"column":9}},"type":"if","locations":[{"start":{"line":594,"column":8},"end":{"line":596,"column":9}},{"start":{},"end":{}}],"line":594},"62":{"loc":{"start":{"line":597,"column":8},"end":{"line":599,"column":9}},"type":"if","locations":[{"start":{"line":597,"column":8},"end":{"line":599,"column":9}},{"start":{},"end":{}}],"line":597},"63":{"loc":{"start":{"line":600,"column":8},"end":{"line":602,"column":9}},"type":"if","locations":[{"start":{"line":600,"column":8},"end":{"line":602,"column":9}},{"start":{},"end":{}}],"line":600},"64":{"loc":{"start":{"line":608,"column":8},"end":{"line":610,"column":9}},"type":"if","locations":[{"start":{"line":608,"column":8},"end":{"line":610,"column":9}},{"start":{},"end":{}}],"line":608},"65":{"loc":{"start":{"line":608,"column":11},"end":{"line":608,"column":111}},"type":"binary-expr","locations":[{"start":{"line":608,"column":12},"end":{"line":608,"column":31}},{"start":{"line":608,"column":35},"end":{"line":608,"column":58}},{"start":{"line":608,"column":64},"end":{"line":608,"column":83}},{"start":{"line":608,"column":87},"end":{"line":608,"column":110}}],"line":608},"66":{"loc":{"start":{"line":612,"column":8},"end":{"line":614,"column":9}},"type":"if","locations":[{"start":{"line":612,"column":8},"end":{"line":614,"column":9}},{"start":{},"end":{}}],"line":612},"67":{"loc":{"start":{"line":612,"column":11},"end":{"line":612,"column":111}},"type":"binary-expr","locations":[{"start":{"line":612,"column":12},"end":{"line":612,"column":31}},{"start":{"line":612,"column":35},"end":{"line":612,"column":58}},{"start":{"line":612,"column":64},"end":{"line":612,"column":83}},{"start":{"line":612,"column":87},"end":{"line":612,"column":110}}],"line":612},"68":{"loc":{"start":{"line":618,"column":8},"end":{"line":621,"column":9}},"type":"if","locations":[{"start":{"line":618,"column":8},"end":{"line":621,"column":9}},{"start":{},"end":{}}],"line":618},"69":{"loc":{"start":{"line":618,"column":11},"end":{"line":618,"column":70}},"type":"binary-expr","locations":[{"start":{"line":618,"column":11},"end":{"line":618,"column":31}},{"start":{"line":618,"column":35},"end":{"line":618,"column":70}}],"line":618},"70":{"loc":{"start":{"line":624,"column":8},"end":{"line":629,"column":9}},"type":"if","locations":[{"start":{"line":624,"column":8},"end":{"line":629,"column":9}},{"start":{},"end":{}}],"line":624},"71":{"loc":{"start":{"line":624,"column":11},"end":{"line":624,"column":63}},"type":"binary-expr","locations":[{"start":{"line":624,"column":11},"end":{"line":624,"column":40}},{"start":{"line":624,"column":44},"end":{"line":624,"column":63}}],"line":624},"72":{"loc":{"start":{"line":631,"column":8},"end":{"line":636,"column":9}},"type":"if","locations":[{"start":{"line":631,"column":8},"end":{"line":636,"column":9}},{"start":{},"end":{}}],"line":631},"73":{"loc":{"start":{"line":631,"column":11},"end":{"line":631,"column":63}},"type":"binary-expr","locations":[{"start":{"line":631,"column":11},"end":{"line":631,"column":39}},{"start":{"line":631,"column":44},"end":{"line":631,"column":63}}],"line":631},"74":{"loc":{"start":{"line":638,"column":8},"end":{"line":643,"column":9}},"type":"if","locations":[{"start":{"line":638,"column":8},"end":{"line":643,"column":9}},{"start":{},"end":{}}],"line":638},"75":{"loc":{"start":{"line":638,"column":11},"end":{"line":638,"column":61}},"type":"binary-expr","locations":[{"start":{"line":638,"column":11},"end":{"line":638,"column":38}},{"start":{"line":638,"column":42},"end":{"line":638,"column":61}}],"line":638},"76":{"loc":{"start":{"line":645,"column":8},"end":{"line":650,"column":9}},"type":"if","locations":[{"start":{"line":645,"column":8},"end":{"line":650,"column":9}},{"start":{},"end":{}}],"line":645},"77":{"loc":{"start":{"line":645,"column":11},"end":{"line":645,"column":64}},"type":"binary-expr","locations":[{"start":{"line":645,"column":11},"end":{"line":645,"column":41}},{"start":{"line":645,"column":45},"end":{"line":645,"column":64}}],"line":645}},"s":{"0":1,"1":51,"2":51,"3":51,"4":51,"5":51,"6":51,"7":51,"8":51,"9":51,"10":51,"11":51,"12":51,"13":51,"14":51,"15":51,"16":51,"17":51,"18":51,"19":51,"20":51,"21":51,"22":51,"23":51,"24":51,"25":51,"26":51,"27":51,"28":969,"29":0,"30":969,"31":51,"32":49,"33":51,"34":51,"35":51,"36":51,"37":51,"38":51,"39":1,"40":2,"41":1,"42":2,"43":1,"44":1,"45":1,"46":1,"47":1,"48":1,"49":0,"50":0,"51":0,"52":0,"53":1,"54":1,"55":1,"56":1,"57":1,"58":1,"59":1,"60":1,"61":2,"62":1,"63":1,"64":5,"65":5,"66":5,"67":1,"68":5,"69":1,"70":5,"71":5,"72":1,"73":1,"74":1,"75":1,"76":5,"77":5,"78":5,"79":5,"80":5,"81":4,"82":4,"83":4,"84":1,"85":4,"86":1,"87":4,"88":1,"89":4,"90":1,"91":4,"92":8,"93":4,"94":4,"95":4,"96":1,"97":1,"98":4,"99":1,"100":1,"101":4,"102":1,"103":1,"104":4,"105":1,"106":1,"107":4,"108":4,"109":1,"110":3,"111":3,"112":3,"113":1,"114":3,"115":3,"116":3,"117":3,"118":3,"119":1,"120":3,"121":0,"122":0,"123":0,"124":0,"125":0,"126":0,"127":0,"128":1,"129":5,"130":6,"131":5,"132":2,"133":3,"134":1,"135":1,"136":0,"137":1,"138":2,"139":2,"140":1,"141":2,"142":1,"143":1,"144":0,"145":0,"146":0,"147":0,"148":0,"149":0,"150":0,"151":0,"152":0,"153":0,"154":0,"155":0,"156":0,"157":0,"158":0,"159":0,"160":0,"161":0,"162":0,"163":0,"164":0,"165":2,"166":2,"167":2,"168":2,"169":2,"170":2,"171":1,"172":1,"173":1,"174":2,"175":1,"176":1,"177":1,"178":1,"179":1,"180":1,"181":1,"182":1,"183":1,"184":1,"185":1,"186":1,"187":3,"188":2,"189":2,"190":2,"191":1,"192":1,"193":1,"194":1,"195":1,"196":1,"197":1,"198":1,"199":1,"200":1,"201":1,"202":1,"203":1,"204":0,"205":1,"206":0,"207":1,"208":0,"209":2,"210":2,"211":3,"212":3,"213":6,"214":3,"215":3,"216":2,"217":1,"218":1,"219":1,"220":1,"221":1,"222":1,"223":1,"224":1,"225":0,"226":1,"227":0,"228":1,"229":0,"230":1,"231":1,"232":1,"233":1,"234":1,"235":1,"236":5,"237":1,"238":1,"239":4,"240":4,"241":1,"242":1,"243":1,"244":4,"245":1,"246":1,"247":1,"248":4,"249":1,"250":1,"251":1,"252":4,"253":1,"254":1,"255":1,"256":4,"257":4,"258":4},"f":{"0":0,"1":0,"2":51,"3":0,"4":0,"5":969,"6":1,"7":2,"8":1,"9":1,"10":1,"11":0,"12":0,"13":1,"14":1,"15":1,"16":1,"17":2,"18":5,"19":1,"20":5,"21":4,"22":4,"23":8,"24":4,"25":0,"26":0,"27":0,"28":0,"29":0,"30":0,"31":0,"32":1,"33":5,"34":6,"35":1,"36":2,"37":2,"38":0,"39":0,"40":0,"41":2,"42":1,"43":1,"44":2,"45":3,"46":2,"47":2,"48":2,"49":2,"50":2,"51":3,"52":6,"53":2,"54":1,"55":5},"b":{"0":[51],"1":[0,969],"2":[49,2],"3":[1,1],"4":[1,1],"5":[4],"6":[1,4],"7":[1,4],"8":[1,4],"9":[1,3],"10":[4,3],"11":[1,3],"12":[4,3],"13":[1,3],"14":[4,3],"15":[1,3],"16":[4,3],"17":[4,4],"18":[1,3],"19":[1,3],"20":[1,3],"21":[1,3],"22":[1,3],"23":[1,2],"24":[1,2],"25":[0,0],"26":[0,0],"27":[0,0],"28":[0,0],"29":[0,0],"30":[2,3],"31":[5,3],"32":[0,1],"33":[1],"34":[1,1],"35":[0,0],"36":[0,0],"37":[0,0],"38":[0,0],"39":[1,1],"40":[1,0],"41":[1,0],"42":[1,0],"43":[1,0],"44":[3,2,1,0],"45":[1,1],"46":[1,0],"47":[1,1,1,1],"48":[1,0],"49":[1,1,1],"50":[0,1],"51":[1,1,0],"52":[0,1],"53":[1,1,0],"54":[0,1],"55":[1,1,0],"56":[2,2],"57":[0],"58":[3,3],"59":[1,1],"60":[1,0],"61":[0,1],"62":[0,1],"63":[0,1],"64":[1,0],"65":[1,0,1,1],"66":[1,0],"67":[1,1,0,0],"68":[1,4],"69":[5,4],"70":[1,3],"71":[4,1],"72":[1,3],"73":[4,1],"74":[1,3],"75":[4,2],"76":[1,3],"77":[4,1]},"_coverageSchema":"1a1c01bbd47fc00a2c39e90264f33305004495a9","hash":"61a5bd990a31a27bcb9d0060014d69cf2d2a5d6f"}
,"/Users/danchadwick/Projects/dan/gamework/src/vector.js": {"path":"/Users/danchadwick/Projects/dan/gamework/src/vector.js","statementMap":{"0":{"start":{"line":10,"column":8},"end":{"line":10,"column":19}},"1":{"start":{"line":11,"column":8},"end":{"line":11,"column":19}},"2":{"start":{"line":20,"column":8},"end":{"line":20,"column":64}},"3":{"start":{"line":29,"column":25},"end":{"line":29,"column":42}},"4":{"start":{"line":31,"column":8},"end":{"line":31,"column":76}},"5":{"start":{"line":40,"column":8},"end":{"line":40,"column":80}},"6":{"start":{"line":49,"column":8},"end":{"line":54,"column":9}},"7":{"start":{"line":50,"column":12},"end":{"line":50,"column":29}},"8":{"start":{"line":51,"column":12},"end":{"line":51,"column":29}},"9":{"start":{"line":53,"column":12},"end":{"line":53,"column":24}},"10":{"start":{"line":55,"column":8},"end":{"line":55,"column":27}},"11":{"start":{"line":56,"column":8},"end":{"line":56,"column":27}},"12":{"start":{"line":58,"column":8},"end":{"line":58,"column":20}},"13":{"start":{"line":67,"column":8},"end":{"line":72,"column":9}},"14":{"start":{"line":68,"column":12},"end":{"line":68,"column":29}},"15":{"start":{"line":69,"column":12},"end":{"line":69,"column":29}},"16":{"start":{"line":71,"column":12},"end":{"line":71,"column":24}},"17":{"start":{"line":74,"column":8},"end":{"line":74,"column":27}},"18":{"start":{"line":75,"column":8},"end":{"line":75,"column":27}},"19":{"start":{"line":77,"column":8},"end":{"line":77,"column":20}},"20":{"start":{"line":86,"column":8},"end":{"line":91,"column":9}},"21":{"start":{"line":87,"column":12},"end":{"line":87,"column":29}},"22":{"start":{"line":88,"column":12},"end":{"line":88,"column":29}},"23":{"start":{"line":90,"column":12},"end":{"line":90,"column":24}},"24":{"start":{"line":93,"column":8},"end":{"line":93,"column":27}},"25":{"start":{"line":94,"column":8},"end":{"line":94,"column":27}},"26":{"start":{"line":96,"column":8},"end":{"line":96,"column":20}},"27":{"start":{"line":105,"column":8},"end":{"line":110,"column":9}},"28":{"start":{"line":106,"column":12},"end":{"line":106,"column":29}},"29":{"start":{"line":107,"column":12},"end":{"line":107,"column":29}},"30":{"start":{"line":109,"column":12},"end":{"line":109,"column":24}},"31":{"start":{"line":112,"column":8},"end":{"line":112,"column":27}},"32":{"start":{"line":113,"column":8},"end":{"line":113,"column":27}},"33":{"start":{"line":115,"column":8},"end":{"line":115,"column":20}}},"fnMap":{"0":{"name":"(anonymous_0)","decl":{"start":{"line":9,"column":4},"end":{"line":9,"column":5}},"loc":{"start":{"line":9,"column":22},"end":{"line":12,"column":5}},"line":9},"1":{"name":"(anonymous_1)","decl":{"start":{"line":19,"column":4},"end":{"line":19,"column":5}},"loc":{"start":{"line":19,"column":17},"end":{"line":21,"column":5}},"line":19},"2":{"name":"(anonymous_2)","decl":{"start":{"line":28,"column":4},"end":{"line":28,"column":5}},"loc":{"start":{"line":28,"column":25},"end":{"line":32,"column":5}},"line":28},"3":{"name":"(anonymous_3)","decl":{"start":{"line":39,"column":4},"end":{"line":39,"column":5}},"loc":{"start":{"line":39,"column":26},"end":{"line":41,"column":5}},"line":39},"4":{"name":"(anonymous_4)","decl":{"start":{"line":48,"column":4},"end":{"line":48,"column":5}},"loc":{"start":{"line":48,"column":21},"end":{"line":59,"column":5}},"line":48},"5":{"name":"(anonymous_5)","decl":{"start":{"line":66,"column":4},"end":{"line":66,"column":5}},"loc":{"start":{"line":66,"column":16},"end":{"line":78,"column":5}},"line":66},"6":{"name":"(anonymous_6)","decl":{"start":{"line":85,"column":4},"end":{"line":85,"column":5}},"loc":{"start":{"line":85,"column":21},"end":{"line":97,"column":5}},"line":85},"7":{"name":"(anonymous_7)","decl":{"start":{"line":104,"column":4},"end":{"line":104,"column":5}},"loc":{"start":{"line":104,"column":19},"end":{"line":116,"column":5}},"line":104}},"branchMap":{"0":{"loc":{"start":{"line":49,"column":8},"end":{"line":54,"column":9}},"type":"if","locations":[{"start":{"line":49,"column":8},"end":{"line":54,"column":9}},{"start":{},"end":{}}],"line":49},"1":{"loc":{"start":{"line":67,"column":8},"end":{"line":72,"column":9}},"type":"if","locations":[{"start":{"line":67,"column":8},"end":{"line":72,"column":9}},{"start":{},"end":{}}],"line":67},"2":{"loc":{"start":{"line":86,"column":8},"end":{"line":91,"column":9}},"type":"if","locations":[{"start":{"line":86,"column":8},"end":{"line":91,"column":9}},{"start":{},"end":{}}],"line":86},"3":{"loc":{"start":{"line":105,"column":8},"end":{"line":110,"column":9}},"type":"if","locations":[{"start":{"line":105,"column":8},"end":{"line":110,"column":9}},{"start":{},"end":{}}],"line":105}},"s":{"0":139,"1":139,"2":0,"3":0,"4":0,"5":0,"6":0,"7":0,"8":0,"9":0,"10":0,"11":0,"12":0,"13":0,"14":0,"15":0,"16":0,"17":0,"18":0,"19":0,"20":0,"21":0,"22":0,"23":0,"24":0,"25":0,"26":0,"27":0,"28":0,"29":0,"30":0,"31":0,"32":0,"33":0},"f":{"0":139,"1":0,"2":0,"3":0,"4":0,"5":0,"6":0,"7":0},"b":{"0":[0,0],"1":[0,0],"2":[0,0],"3":[0,0]},"_coverageSchema":"1a1c01bbd47fc00a2c39e90264f33305004495a9","hash":"cd0f69023e0429f5cc22620c46cae54f1dfb3984"}
}
