TN:
SF:src/collision.js
FN:10,(anonymous_0)
FN:20,(anonymous_1)
FNF:2
FNH:1
FNDA:5,(anonymous_0)
FNDA:0,(anonymous_1)
DA:11,5
DA:12,5
DA:13,5
DA:21,0
DA:23,0
DA:24,0
DA:27,0
LF:7
LH:3
BRDA:23,0,0,0
BRDA:23,0,1,0
BRF:2
BRH:0
end_of_record
TN:
SF:src/collisions.js
FN:9,(anonymous_0)
FN:21,(anonymous_1)
FN:37,(anonymous_2)
FN:72,(anonymous_3)
FNF:4
FNH:4
FNDA:6,(anonymous_0)
FNDA:12,(anonymous_1)
FNDA:4,(anonymous_2)
FNDA:8,(anonymous_3)
DA:10,6
DA:11,6
DA:12,6
DA:13,6
DA:14,6
DA:20,6
DA:21,3
DA:22,12
DA:23,12
DA:24,12
DA:38,4
DA:39,4
DA:40,6
DA:41,6
DA:42,19
DA:43,19
DA:45,19
DA:47,19
DA:48,19
DA:49,76
DA:50,76
DA:51,76
DA:53,19
DA:54,19
DA:55,76
DA:56,76
DA:57,76
DA:60,19
DA:63,2
DA:73,8
DA:74,1
DA:77,7
DA:78,2
DA:79,2
DA:80,2
DA:81,1
DA:83,1
DA:86,5
DA:87,5
DA:88,5
DA:89,5
DA:91,5
DA:92,5
DA:93,5
DA:94,5
DA:96,5
DA:97,5
DA:98,4
DA:99,1
DA:101,4
DA:102,1
DA:104,4
DA:105,1
DA:107,4
DA:108,1
DA:111,5
LF:56
LH:56
BRDA:11,0,0,6
BRDA:11,0,1,3
BRDA:20,1,0,3
BRDA:20,1,1,3
BRDA:50,2,0,30
BRDA:50,2,1,46
BRDA:50,3,0,76
BRDA:50,3,1,57
BRDA:51,4,0,31
BRDA:51,4,1,45
BRDA:51,5,0,76
BRDA:51,5,1,57
BRDA:56,6,0,32
BRDA:56,6,1,44
BRDA:56,7,0,76
BRDA:56,7,1,57
BRDA:57,8,0,31
BRDA:57,8,1,45
BRDA:57,9,0,76
BRDA:57,9,1,57
BRDA:60,10,0,2
BRDA:60,10,1,17
BRDA:60,11,0,19
BRDA:60,11,1,18
BRDA:73,12,0,1
BRDA:73,12,1,7
BRDA:77,13,0,2
BRDA:77,13,1,5
BRDA:77,14,0,7
BRDA:77,14,1,2
BRDA:77,14,2,5
BRDA:77,14,3,0
BRDA:80,15,0,1
BRDA:80,15,1,1
BRDA:97,16,0,4
BRDA:97,16,1,1
BRDA:97,17,0,5
BRDA:97,17,1,4
BRDA:97,17,2,4
BRDA:97,17,3,4
BRDA:98,18,0,1
BRDA:98,18,1,3
BRDA:98,19,0,4
BRDA:98,19,1,4
BRDA:98,19,2,1
BRDA:101,20,0,1
BRDA:101,20,1,3
BRDA:101,21,0,4
BRDA:101,21,1,4
BRDA:101,21,2,1
BRDA:104,22,0,1
BRDA:104,22,1,3
BRDA:104,23,0,4
BRDA:104,23,1,4
BRDA:104,23,2,1
BRDA:107,24,0,1
BRDA:107,24,1,3
BRDA:107,25,0,4
BRDA:107,25,1,4
BRDA:107,25,2,1
BRF:60
BRH:59
end_of_record
