TN:
SF:src/circle.js
FN:10,(anonymous_0)
FNF:1
FNH:1
FNDA:1,(anonymous_0)
DA:11,1
DA:12,1
DA:13,1
LF:3
LH:3
BRF:0
BRH:0
end_of_record
TN:
SF:src/circleGameObject.js
FN:16,(anonymous_0)
FN:29,(anonymous_1)
FN:45,(anonymous_2)
FN:53,(anonymous_3)
FN:88,(anonymous_4)
FN:101,(anonymous_5)
FNF:6
FNH:3
FNDA:3,(anonymous_0)
FNDA:1,(anonymous_1)
FNDA:0,(anonymous_2)
FNDA:1,(anonymous_3)
FNDA:0,(anonymous_4)
FNDA:0,(anonymous_5)
DA:17,3
DA:19,3
DA:20,3
DA:30,1
DA:31,1
DA:32,1
DA:33,1
DA:34,1
DA:35,1
DA:37,1
DA:54,1
DA:55,1
DA:58,0
DA:59,0
DA:60,0
DA:62,0
DA:65,0
DA:66,0
DA:67,0
DA:69,0
DA:70,0
DA:71,0
DA:73,0
DA:74,0
DA:75,0
DA:77,0
DA:78,0
DA:79,0
DA:89,0
DA:90,0
DA:91,0
DA:94,0
DA:102,0
DA:103,0
DA:106,0
DA:107,0
DA:108,0
DA:109,0
DA:110,0
DA:111,0
DA:113,0
DA:115,0
LF:42
LH:12
BRDA:16,0,0,3
BRDA:54,1,0,1
BRDA:54,1,1,0
BRDA:62,2,0,0
BRDA:62,2,1,0
BRDA:65,3,0,0
BRDA:65,3,1,0
BRDA:69,4,0,0
BRDA:69,4,1,0
BRDA:73,5,0,0
BRDA:73,5,1,0
BRDA:77,6,0,0
BRDA:77,6,1,0
BRDA:89,7,0,0
BRDA:89,7,1,0
BRDA:102,8,0,0
BRDA:102,8,1,0
BRDA:109,9,0,0
BRDA:109,9,1,0
BRF:19
BRH:2
end_of_record
TN:
SF:src/collision.js
FN:10,(anonymous_0)
FN:20,(anonymous_1)
FNF:2
FNH:2
FNDA:3,(anonymous_0)
FNDA:2,(anonymous_1)
DA:11,3
DA:12,3
DA:13,3
DA:21,2
DA:23,2
DA:24,1
DA:27,2
LF:7
LH:7
BRDA:23,0,0,1
BRDA:23,0,1,1
BRF:2
BRH:2
end_of_record
TN:
SF:src/gameObject.js
FN:21,(anonymous_0)
FN:22,(anonymous_1)
FN:39,(anonymous_2)
FN:61,(anonymous_3)
FN:62,(anonymous_4)
FN:71,(anonymous_5)
FN:93,(anonymous_6)
FN:102,(anonymous_7)
FN:114,(anonymous_8)
FN:125,(anonymous_9)
FN:135,(anonymous_10)
FN:145,(anonymous_11)
FN:156,(anonymous_12)
FN:167,(anonymous_13)
FN:178,(anonymous_14)
FN:189,(anonymous_15)
FN:200,(anonymous_16)
FN:210,(anonymous_17)
FN:222,(anonymous_18)
FN:243,(anonymous_19)
FN:252,(anonymous_20)
FN:264,(anonymous_21)
FN:288,(anonymous_22)
FN:292,(anonymous_23)
FN:324,(anonymous_24)
FN:349,(anonymous_25)
FN:355,(anonymous_26)
FN:375,(anonymous_27)
FN:379,(anonymous_28)
FN:383,(anonymous_29)
FN:387,(anonymous_30)
FN:391,(anonymous_31)
FN:395,(anonymous_32)
FN:399,(anonymous_33)
FN:400,(anonymous_34)
FN:411,(anonymous_35)
FN:421,(anonymous_36)
FN:424,(anonymous_37)
FN:433,(anonymous_38)
FN:448,(anonymous_39)
FN:453,(anonymous_40)
FN:468,(anonymous_41)
FN:482,(anonymous_42)
FN:488,(anonymous_43)
FN:492,(anonymous_44)
FN:518,(anonymous_45)
FN:522,(anonymous_46)
FN:523,(anonymous_47)
FN:528,(anonymous_48)
FN:564,(anonymous_49)
FN:565,(anonymous_50)
FN:570,(anonymous_51)
FN:572,(anonymous_52)
FN:581,(anonymous_53)
FN:607,(anonymous_54)
FN:617,(anonymous_55)
FNF:56
FNH:2
FNDA:0,(anonymous_0)
FNDA:0,(anonymous_1)
FNDA:9,(anonymous_2)
FNDA:0,(anonymous_3)
FNDA:0,(anonymous_4)
FNDA:171,(anonymous_5)
FNDA:0,(anonymous_6)
FNDA:0,(anonymous_7)
FNDA:0,(anonymous_8)
FNDA:0,(anonymous_9)
FNDA:0,(anonymous_10)
FNDA:0,(anonymous_11)
FNDA:0,(anonymous_12)
FNDA:0,(anonymous_13)
FNDA:0,(anonymous_14)
FNDA:0,(anonymous_15)
FNDA:0,(anonymous_16)
FNDA:0,(anonymous_17)
FNDA:0,(anonymous_18)
FNDA:0,(anonymous_19)
FNDA:0,(anonymous_20)
FNDA:0,(anonymous_21)
FNDA:0,(anonymous_22)
FNDA:0,(anonymous_23)
FNDA:0,(anonymous_24)
FNDA:0,(anonymous_25)
FNDA:0,(anonymous_26)
FNDA:0,(anonymous_27)
FNDA:0,(anonymous_28)
FNDA:0,(anonymous_29)
FNDA:0,(anonymous_30)
FNDA:0,(anonymous_31)
FNDA:0,(anonymous_32)
FNDA:0,(anonymous_33)
FNDA:0,(anonymous_34)
FNDA:0,(anonymous_35)
FNDA:0,(anonymous_36)
FNDA:0,(anonymous_37)
FNDA:0,(anonymous_38)
FNDA:0,(anonymous_39)
FNDA:0,(anonymous_40)
FNDA:0,(anonymous_41)
FNDA:0,(anonymous_42)
FNDA:0,(anonymous_43)
FNDA:0,(anonymous_44)
FNDA:0,(anonymous_45)
FNDA:0,(anonymous_46)
FNDA:0,(anonymous_47)
FNDA:0,(anonymous_48)
FNDA:0,(anonymous_49)
FNDA:0,(anonymous_50)
FNDA:0,(anonymous_51)
FNDA:0,(anonymous_52)
FNDA:0,(anonymous_53)
FNDA:0,(anonymous_54)
FNDA:0,(anonymous_55)
DA:7,3
DA:40,9
DA:41,9
DA:42,9
DA:43,9
DA:44,9
DA:45,9
DA:48,9
DA:49,9
DA:50,9
DA:51,9
DA:52,9
DA:53,9
DA:54,9
DA:55,9
DA:56,9
DA:57,9
DA:58,9
DA:59,9
DA:60,9
DA:61,9
DA:62,9
DA:63,9
DA:64,9
DA:65,9
DA:66,9
DA:70,9
DA:71,9
DA:72,171
DA:73,0
DA:76,171
DA:79,9
DA:80,0
DA:83,9
DA:84,9
DA:86,9
DA:87,9
DA:88,9
DA:89,9
DA:94,0
DA:103,0
DA:104,0
DA:106,0
DA:115,0
DA:117,0
DA:126,0
DA:127,0
DA:136,0
DA:137,0
DA:146,0
DA:148,0
DA:157,0
DA:159,0
DA:168,0
DA:170,0
DA:179,0
DA:181,0
DA:190,0
DA:192,0
DA:201,0
DA:203,0
DA:211,0
DA:212,0
DA:215,0
DA:223,0
DA:224,0
DA:226,0
DA:227,0
DA:229,0
DA:230,0
DA:233,0
DA:235,0
DA:236,0
DA:237,0
DA:238,0
DA:244,0
DA:253,0
DA:254,0
DA:255,0
DA:256,0
DA:258,0
DA:265,0
DA:266,0
DA:267,0
DA:268,0
DA:271,0
DA:272,0
DA:275,0
DA:276,0
DA:279,0
DA:280,0
DA:289,0
DA:293,0
DA:294,0
DA:297,0
DA:298,0
DA:299,0
DA:300,0
DA:302,0
DA:305,0
DA:307,0
DA:311,0
DA:312,0
DA:313,0
DA:316,0
DA:318,0
DA:319,0
DA:321,0
DA:325,0
DA:326,0
DA:330,0
DA:331,0
DA:333,0
DA:334,0
DA:337,0
DA:338,0
DA:339,0
DA:340,0
DA:342,0
DA:343,0
DA:346,0
DA:350,0
DA:351,0
DA:356,0
DA:358,0
DA:362,0
DA:366,0
DA:370,0
DA:396,0
DA:400,0
DA:401,0
DA:404,0
DA:405,0
DA:408,0
DA:412,0
DA:414,0
DA:415,0
DA:418,0
DA:422,0
DA:423,0
DA:424,0
DA:425,0
DA:427,0
DA:430,0
DA:434,0
DA:435,0
DA:437,0
DA:438,0
DA:439,0
DA:440,0
DA:441,0
DA:442,0
DA:445,0
DA:449,0
DA:450,0
DA:451,0
DA:453,0
DA:454,0
DA:455,0
DA:456,0
DA:457,0
DA:458,0
DA:461,0
DA:462,0
DA:464,0
DA:470,0
DA:472,0
DA:473,0
DA:475,0
DA:478,0
DA:479,0
DA:483,0
DA:485,0
DA:489,0
DA:493,0
DA:494,0
DA:497,0
DA:499,0
DA:500,0
DA:503,0
DA:504,0
DA:505,0
DA:507,0
DA:508,0
DA:511,0
DA:513,0
DA:515,0
DA:519,0
DA:523,0
DA:524,0
DA:529,0
DA:530,0
DA:535,0
DA:536,0
DA:537,0
DA:538,0
DA:540,0
DA:541,0
DA:542,0
DA:543,0
DA:546,0
DA:548,0
DA:549,0
DA:551,0
DA:552,0
DA:555,0
DA:556,0
DA:558,0
DA:559,0
DA:565,0
DA:566,0
DA:571,0
DA:572,0
DA:573,0
DA:574,0
DA:577,0
DA:582,0
DA:583,0
DA:586,0
DA:587,0
DA:588,0
DA:589,0
DA:591,0
DA:592,0
DA:594,0
DA:595,0
DA:597,0
DA:598,0
DA:600,0
DA:601,0
DA:603,0
DA:604,0
DA:608,0
DA:609,0
DA:612,0
DA:613,0
DA:618,0
DA:619,0
DA:620,0
DA:622,0
DA:624,0
DA:625,0
DA:626,0
DA:628,0
DA:631,0
DA:632,0
DA:633,0
DA:635,0
DA:638,0
DA:639,0
DA:640,0
DA:642,0
DA:645,0
DA:646,0
DA:647,0
DA:649,0
DA:652,0
DA:653,0
DA:654,0
LF:259
LH:37
BRDA:39,0,0,6
BRDA:72,1,0,0
BRDA:72,1,1,171
BRDA:79,2,0,0
BRDA:79,2,1,9
BRDA:103,3,0,0
BRDA:103,3,1,0
BRDA:211,4,0,0
BRDA:211,4,1,0
BRDA:222,5,0,0
BRDA:226,6,0,0
BRDA:226,6,1,0
BRDA:229,7,0,0
BRDA:229,7,1,0
BRDA:235,8,0,0
BRDA:235,8,1,0
BRDA:267,9,0,0
BRDA:267,9,1,0
BRDA:267,10,0,0
BRDA:267,10,1,0
BRDA:271,11,0,0
BRDA:271,11,1,0
BRDA:271,12,0,0
BRDA:271,12,1,0
BRDA:275,13,0,0
BRDA:275,13,1,0
BRDA:275,14,0,0
BRDA:275,14,1,0
BRDA:279,15,0,0
BRDA:279,15,1,0
BRDA:279,16,0,0
BRDA:279,16,1,0
BRDA:293,17,0,0
BRDA:293,17,1,0
BRDA:298,18,0,0
BRDA:298,18,1,0
BRDA:302,19,0,0
BRDA:302,19,1,0
BRDA:311,20,0,0
BRDA:311,20,1,0
BRDA:316,21,0,0
BRDA:316,21,1,0
BRDA:325,22,0,0
BRDA:325,22,1,0
BRDA:333,23,0,0
BRDA:333,23,1,0
BRDA:342,24,0,0
BRDA:342,24,1,0
BRDA:350,25,0,0
BRDA:350,25,1,0
BRDA:358,26,0,0
BRDA:358,26,1,0
BRDA:362,27,0,0
BRDA:362,27,1,0
BRDA:366,28,0,0
BRDA:366,28,1,0
BRDA:370,29,0,0
BRDA:370,29,1,0
BRDA:404,30,0,0
BRDA:404,30,1,0
BRDA:404,31,0,0
BRDA:404,31,1,0
BRDA:414,32,0,0
BRDA:414,32,1,0
BRDA:421,33,0,0
BRDA:423,34,0,0
BRDA:423,34,1,0
BRDA:434,35,0,0
BRDA:434,35,1,0
BRDA:440,36,0,0
BRDA:440,36,1,0
BRDA:449,37,0,0
BRDA:449,37,1,0
BRDA:461,38,0,0
BRDA:461,38,1,0
BRDA:493,39,0,0
BRDA:493,39,1,0
BRDA:497,40,0,0
BRDA:497,40,1,0
BRDA:504,41,0,0
BRDA:504,41,1,0
BRDA:507,42,0,0
BRDA:507,42,1,0
BRDA:511,43,0,0
BRDA:511,43,1,0
BRDA:519,44,0,0
BRDA:519,44,1,0
BRDA:519,44,2,0
BRDA:519,44,3,0
BRDA:529,45,0,0
BRDA:529,45,1,0
BRDA:546,46,0,0
BRDA:546,46,1,0
BRDA:546,47,0,0
BRDA:546,47,1,0
BRDA:546,47,2,0
BRDA:546,47,3,0
BRDA:548,48,0,0
BRDA:548,48,1,0
BRDA:548,49,0,0
BRDA:548,49,1,0
BRDA:548,49,2,0
BRDA:551,50,0,0
BRDA:551,50,1,0
BRDA:551,51,0,0
BRDA:551,51,1,0
BRDA:551,51,2,0
BRDA:555,52,0,0
BRDA:555,52,1,0
BRDA:555,53,0,0
BRDA:555,53,1,0
BRDA:555,53,2,0
BRDA:558,54,0,0
BRDA:558,54,1,0
BRDA:558,55,0,0
BRDA:558,55,1,0
BRDA:558,55,2,0
BRDA:566,56,0,0
BRDA:566,56,1,0
BRDA:570,57,0,0
BRDA:573,58,0,0
BRDA:573,58,1,0
BRDA:582,59,0,0
BRDA:582,59,1,0
BRDA:591,60,0,0
BRDA:591,60,1,0
BRDA:594,61,0,0
BRDA:594,61,1,0
BRDA:597,62,0,0
BRDA:597,62,1,0
BRDA:600,63,0,0
BRDA:600,63,1,0
BRDA:608,64,0,0
BRDA:608,64,1,0
BRDA:608,65,0,0
BRDA:608,65,1,0
BRDA:608,65,2,0
BRDA:608,65,3,0
BRDA:612,66,0,0
BRDA:612,66,1,0
BRDA:612,67,0,0
BRDA:612,67,1,0
BRDA:612,67,2,0
BRDA:612,67,3,0
BRDA:618,68,0,0
BRDA:618,68,1,0
BRDA:618,69,0,0
BRDA:618,69,1,0
BRDA:624,70,0,0
BRDA:624,70,1,0
BRDA:624,71,0,0
BRDA:624,71,1,0
BRDA:631,72,0,0
BRDA:631,72,1,0
BRDA:631,73,0,0
BRDA:631,73,1,0
BRDA:638,74,0,0
BRDA:638,74,1,0
BRDA:638,75,0,0
BRDA:638,75,1,0
BRDA:645,76,0,0
BRDA:645,76,1,0
BRDA:645,77,0,0
BRDA:645,77,1,0
BRF:164
BRH:3
end_of_record
TN:
SF:src/outer.walls.js
FN:13,(anonymous_0)
FN:33,(anonymous_1)
FN:42,(anonymous_2)
FN:50,(anonymous_3)
FN:54,(anonymous_4)
FN:63,(anonymous_5)
FN:88,(anonymous_6)
FN:90,(anonymous_7)
FN:93,(anonymous_8)
FN:104,(anonymous_9)
FN:109,(anonymous_10)
FNF:11
FNH:10
FNDA:2,(anonymous_0)
FNDA:1,(anonymous_1)
FNDA:1,(anonymous_2)
FNDA:3,(anonymous_3)
FNDA:0,(anonymous_4)
FNDA:3,(anonymous_5)
FNDA:3,(anonymous_6)
FNDA:9,(anonymous_7)
FNDA:36,(anonymous_8)
FNDA:3,(anonymous_9)
FNDA:9,(anonymous_10)
DA:2,1
DA:19,2
DA:20,2
DA:21,2
DA:22,2
DA:23,2
DA:24,2
DA:25,2
DA:34,1
DA:35,1
DA:36,1
DA:37,1
DA:38,1
DA:43,1
DA:51,3
DA:52,3
DA:54,0
DA:55,0
DA:64,3
DA:65,3
DA:67,3
DA:68,3
DA:70,0
DA:71,0
DA:72,0
DA:73,0
DA:74,0
DA:75,0
DA:77,0
DA:78,0
DA:79,0
DA:80,0
DA:81,0
DA:84,0
DA:89,3
DA:90,3
DA:91,9
DA:93,9
DA:94,36
DA:95,10
DA:96,10
DA:99,9
DA:105,3
DA:107,3
DA:109,3
DA:110,9
LF:46
LH:32
BRDA:13,0,0,2
BRDA:13,1,0,2
BRDA:51,2,0,3
BRDA:51,2,1,0
BRDA:55,3,0,0
BRDA:55,3,1,0
BRDA:55,3,2,0
BRDA:55,3,3,0
BRDA:67,4,0,3
BRDA:67,4,1,0
BRDA:67,5,0,3
BRDA:67,5,1,0
BRDA:71,6,0,0
BRDA:71,6,1,0
BRDA:77,7,0,0
BRDA:77,7,1,0
BRDA:94,8,0,10
BRDA:94,8,1,26
BRDA:95,9,0,7
BRDA:95,9,1,3
BRF:20
BRH:9
end_of_record
TN:
SF:src/rectangle.js
FN:12,(anonymous_0)
FNF:1
FNH:1
FNDA:11,(anonymous_0)
DA:13,11
DA:14,11
DA:15,11
DA:16,11
DA:17,11
LF:5
LH:5
BRDA:12,0,0,10
BRF:1
BRH:1
end_of_record
TN:
SF:src/squareGameObject.js
FNF:0
FNH:0
LF:0
LH:0
BRF:0
BRH:0
end_of_record
TN:
SF:src/storage.js
FN:8,(anonymous_0)
FN:18,(anonymous_1)
FN:32,(anonymous_2)
FNF:3
FNH:3
FNDA:4,(anonymous_0)
FNDA:4,(anonymous_1)
FNDA:1,(anonymous_2)
DA:9,4
DA:19,4
DA:20,4
DA:21,2
DA:23,2
DA:33,1
DA:34,1
DA:35,0
DA:37,1
DA:38,1
LF:10
LH:9
BRDA:18,0,0,2
BRDA:18,1,0,3
BRDA:20,2,0,2
BRDA:20,2,1,2
BRDA:23,3,0,1
BRDA:23,3,1,1
BRDA:23,4,0,2
BRDA:23,4,1,2
BRDA:34,5,0,0
BRDA:34,5,1,1
BRDA:34,6,0,1
BRDA:34,6,1,1
BRF:12
BRH:11
end_of_record
TN:
SF:src/textItem.js
FN:17,(anonymous_0)
FN:32,(anonymous_1)
FN:41,(anonymous_2)
FNF:3
FNH:3
FNDA:5,(anonymous_0)
FNDA:1,(anonymous_1)
FNDA:3,(anonymous_2)
DA:18,5
DA:19,5
DA:20,5
DA:21,5
DA:22,5
DA:23,5
DA:24,5
DA:33,1
DA:34,1
DA:42,3
DA:43,1
DA:45,2
DA:46,1
DA:48,1
DA:49,1
DA:50,1
DA:51,1
DA:52,1
DA:53,1
DA:54,1
LF:20
LH:20
BRDA:17,0,0,1
BRDA:17,1,0,1
BRDA:17,2,0,1
BRDA:17,3,0,1
BRDA:42,4,0,1
BRDA:42,4,1,2
BRDA:45,5,0,1
BRDA:45,5,1,1
BRF:8
BRH:8
end_of_record
TN:
SF:src/timer.js
FN:8,(anonymous_0)
FN:18,(anonymous_1)
FN:21,(anonymous_2)
FN:30,(anonymous_3)
FNF:4
FNH:4
FNDA:4,(anonymous_0)
FNDA:3,(anonymous_1)
FNDA:100,(anonymous_2)
FNDA:2,(anonymous_3)
DA:9,4
DA:10,4
DA:11,4
DA:12,4
DA:19,3
DA:20,3
DA:21,3
DA:22,100
DA:23,100
DA:31,2
DA:32,2
DA:33,2
LF:12
LH:12
BRF:0
BRH:0
end_of_record
TN:
SF:src/vector.js
FN:9,(anonymous_0)
FN:19,(anonymous_1)
FN:28,(anonymous_2)
FN:39,(anonymous_3)
FN:48,(anonymous_4)
FN:66,(anonymous_5)
FN:85,(anonymous_6)
FN:104,(anonymous_7)
FNF:8
FNH:8
FNDA:45,(anonymous_0)
FNDA:2,(anonymous_1)
FNDA:1,(anonymous_2)
FNDA:1,(anonymous_3)
FNDA:2,(anonymous_4)
FNDA:2,(anonymous_5)
FNDA:2,(anonymous_6)
FNDA:2,(anonymous_7)
DA:10,45
DA:11,45
DA:20,2
DA:29,1
DA:31,1
DA:40,1
DA:49,2
DA:50,1
DA:51,1
DA:53,1
DA:55,1
DA:56,1
DA:58,1
DA:67,2
DA:68,1
DA:69,1
DA:71,1
DA:74,1
DA:75,1
DA:77,1
DA:86,2
DA:87,1
DA:88,1
DA:90,1
DA:93,1
DA:94,1
DA:96,1
DA:105,2
DA:106,1
DA:107,1
DA:109,1
DA:112,1
DA:113,1
DA:115,1
LF:34
LH:34
BRDA:49,0,0,1
BRDA:49,0,1,1
BRDA:67,1,0,1
BRDA:67,1,1,1
BRDA:86,2,0,1
BRDA:86,2,1,1
BRDA:105,3,0,1
BRDA:105,3,1,1
BRF:8
BRH:8
end_of_record
